<?xml version="1.0" encoding="UTF-8"?>
<testsuite xmlns:xsi="http://www.w3.org/2001/XMLSchema-instance" xsi:noNamespaceSchemaLocation="https://maven.apache.org/surefire/maven-surefire-plugin/xsd/surefire-test-report-3.0.xsd" version="3.0" name="ApplyFilterTest" time="0.688" tests="1" errors="0" skipped="0" failures="0">
  <properties>
[...]
</properties>
  <testcase name="testApplyFilter" classname="ApplyFilterTest" time="0.667">
    <system-out><![CDATA[
Image  filtered with this filter
]]></system-out>
  </testcase>
</testsuite>